sample-messages/build/outputs/logs/manifest-merger-debug-report.txt
-- Merging decision tree log ---
manifest
ADDED from AndroidManifest.xml:2:1
	xmlns:android
		ADDED from AndroidManifest.xml:3:5
	package
		ADDED from AndroidManifest.xml:2:11
	android:versionName
		ADDED from AndroidManifest.xml:5:5
	android:versionCode
		ADDED from AndroidManifest.xml:4:5
		INJECTED from AndroidManifest.xml:0:0
		INJECTED from AndroidManifest.xml:0:0
uses-sdk
ADDED from AndroidManifest.xml:7:5
MERGED from com.google.android.gms:play-services:4.2.42:7:5
MERGED from com.android.support:appcompat-v7:18.0.0:18:5
	android:targetSdkVersion
		ADDED from AndroidManifest.xml:9:9
	android:minSdkVersion
		ADDED from AndroidManifest.xml:8:9
application
ADDED from AndroidManifest.xml:11:5
MERGED from com.android.support:appcompat-v7:18.0.0:19:5
	android:label
		ADDED from AndroidManifest.xml:14:9
	android:icon
		ADDED from AndroidManifest.xml:13:9
	android:theme
		ADDED from AndroidManifest.xml:15:9
	android:name
		ADDED from AndroidManifest.xml:12:9
activity#com.quickblox.simplesample.messages.main.activities.SplashActivity
ADDED from AndroidManifest.xml:17:9
	android:screenOrientation
		ADDED from AndroidManifest.xml:20:13
	android:label
		ADDED from AndroidManifest.xml:19:13
	android:name
		ADDED from AndroidManifest.xml:18:13
intent-filter#android.intent.action.MAIN+android.intent.category.LAUNCHER
ADDED from AndroidManifest.xml:21:13
action#android.intent.action.MAIN
ADDED from AndroidManifest.xml:22:17
	android:name
		ADDED from AndroidManifest.xml:22:25
category#android.intent.category.LAUNCHER
ADDED from AndroidManifest.xml:23:17
	android:name
		ADDED from AndroidManifest.xml:23:27
activity#com.quickblox.simplesample.messages.main.activities.MessagesActivity
ADDED from AndroidManifest.xml:27:9
	android:screenOrientation
		ADDED from AndroidManifest.xml:29:13
	android:name
		ADDED from AndroidManifest.xml:28:13
receiver#com.quickblox.simplesample.messages.GcmBroadcastReceiver
ADDED from AndroidManifest.xml:35:9
	android:permission
		ADDED from AndroidManifest.xml:37:13
	android:name
		ADDED from AndroidManifest.xml:36:13
intent-filter#com.google.android.c2dm.intent.RECEIVE+com.google.android.c2dm.intent.REGISTRATION+com.quickblox.simplesample.messages
ADDED from AndroidManifest.xml:38:13
action#com.google.android.c2dm.intent.RECEIVE
ADDED from AndroidManifest.xml:39:17
	android:name
		ADDED from AndroidManifest.xml:39:25
action#com.google.android.c2dm.intent.REGISTRATION
ADDED from AndroidManifest.xml:40:17
	android:name
		ADDED from AndroidManifest.xml:40:25
category#com.quickblox.simplesample.messages
ADDED from AndroidManifest.xml:42:17
	android:name
		ADDED from AndroidManifest.xml:42:27
service#com.quickblox.simplesample.messages.GCMIntentService
ADDED from AndroidManifest.xml:47:9
	android:name
		ADDED from AndroidManifest.xml:47:18
meta-data#com.google.android.gms.version
ADDED from AndroidManifest.xml:49:9
	android:name
		ADDED from AndroidManifest.xml:50:13
	android:value
		ADDED from AndroidManifest.xml:51:13
permission#com.quickblox.simplesample.messages.permission.C2D_MESSAGE
ADDED from AndroidManifest.xml:59:5
	android:protectionLevel
		ADDED from AndroidManifest.xml:61:9
	android:name
		ADDED from AndroidManifest.xml:60:9
uses-permission#com.quickblox.simplesample.messages.permission.C2D_MESSAGE
ADDED from AndroidManifest.xml:62:5
	android:name
		ADDED from AndroidManifest.xml:62:22
uses-permission#com.google.android.c2dm.permission.RECEIVE
ADDED from AndroidManifest.xml:66:5
	android:name
		ADDED from AndroidManifest.xml:66:22
uses-permission#android.permission.INTERNET
ADDED from AndroidManifest.xml:68:5
	android:name
		ADDED from AndroidManifest.xml:68:22
uses-permission#android.permission.GET_ACCOUNTS
ADDED from AndroidManifest.xml:70:5
	android:name
		ADDED from AndroidManifest.xml:70:22
uses-permission#android.permission.WAKE_LOCK
ADDED from AndroidManifest.xml:72:5
	android:name
		ADDED from AndroidManifest.xml:72:22
uses-permission#android.permission.READ_PHONE_STATE
ADDED from AndroidManifest.xml:74:5
	android:name
		ADDED from AndroidManifest.xml:74:22